0 info it worked if it ends with ok
1 verbose cli [ 'C:\\nodejs\\node.exe',
1 verbose cli   'C:\\nodejs\\node_modules\\npm\\bin\\npm-cli.js',
1 verbose cli   'start' ]
2 info using npm@3.10.10
3 info using node@v6.10.1
4 verbose run-script [ 'prestart', 'start', 'poststart' ]
5 info lifecycle angular-basic@0.0.0~prestart: angular-basic@0.0.0
6 silly lifecycle angular-basic@0.0.0~prestart: no script for prestart, continuing
7 info lifecycle angular-basic@0.0.0~start: angular-basic@0.0.0
8 verbose lifecycle angular-basic@0.0.0~start: unsafe-perm in lifecycle true
9 verbose lifecycle angular-basic@0.0.0~start: PATH: C:\nodejs\node_modules\npm\bin\node-gyp-bin;F:\nodejs\angular-basic\node_modules\.bin;C:\Program Files\Java\jdk1.7.0_80\bin;C:\Program Files\Java\jdk1.7.0_80\jre\bin;C:\Windows\system32;C:\Windows;C:\Windows\System32\Wbem;C:\Windows\System32\WindowsPowerShell\v1.0\;E:\TortoiseSVN\bin;C:\mysql-5.6.24\bin;C:\apache-maven-3.3.9\bin;C:\Python27;C:\Program Files (x86)\GtkSharp\2.12\bin;C:\Program Files (x86)\Windows Kits\8.1\Windows Performance Toolkit\;C:\Program Files\Microsoft SQL Server\110\Tools\Binn\;C:\Program Files (x86)\Microsoft SDKs\TypeScript\1.0\;C:\Program Files\Microsoft SQL Server\120\Tools\Binn\;C:\phantomjs-2.1.1-windows\bin\;C:\nodejs\;C:\Program Files\Git\cmd;C:\MongoDB\Server\3.4\bin;D:\cocos2d-x-3.13.1\templates;D:\cocos2d-x-3.13.1\tools\cocos2d-console\bin;\cocos2d-x-3.10\templates;\cocos2d-x-3.10\tools\cocos2d-console\bin;d:\Cocos\Cocos2d-x;Cocos\Cocos2d-x\Cocos2d-x-3.10\tools\cocos2d-console\bin;C:\Users\Vincent11\AppData\Roaming\npm
10 verbose lifecycle angular-basic@0.0.0~start: CWD: F:\nodejs\angular-basic
11 silly lifecycle angular-basic@0.0.0~start: Args: [ '/d /s /c', 'node ./bin/www' ]
12 silly lifecycle angular-basic@0.0.0~start: Returned: code: 1  signal: null
13 info lifecycle angular-basic@0.0.0~start: Failed to exec start script
14 verbose stack Error: angular-basic@0.0.0 start: `node ./bin/www`
14 verbose stack Exit status 1
14 verbose stack     at EventEmitter.<anonymous> (C:\nodejs\node_modules\npm\lib\utils\lifecycle.js:255:16)
14 verbose stack     at emitTwo (events.js:106:13)
14 verbose stack     at EventEmitter.emit (events.js:191:7)
14 verbose stack     at ChildProcess.<anonymous> (C:\nodejs\node_modules\npm\lib\utils\spawn.js:40:14)
14 verbose stack     at emitTwo (events.js:106:13)
14 verbose stack     at ChildProcess.emit (events.js:191:7)
14 verbose stack     at maybeClose (internal/child_process.js:886:16)
14 verbose stack     at Process.ChildProcess._handle.onexit (internal/child_process.js:226:5)
15 verbose pkgid angular-basic@0.0.0
16 verbose cwd F:\nodejs\angular-basic
17 error Windows_NT 6.1.7601
18 error argv "C:\\nodejs\\node.exe" "C:\\nodejs\\node_modules\\npm\\bin\\npm-cli.js" "start"
19 error node v6.10.1
20 error npm  v3.10.10
21 error code ELIFECYCLE
22 error angular-basic@0.0.0 start: `node ./bin/www`
22 error Exit status 1
23 error Failed at the angular-basic@0.0.0 start script 'node ./bin/www'.
23 error Make sure you have the latest version of node.js and npm installed.
23 error If you do, this is most likely a problem with the angular-basic package,
23 error not with npm itself.
23 error Tell the author that this fails on your system:
23 error     node ./bin/www
23 error You can get information on how to open an issue for this project with:
23 error     npm bugs angular-basic
23 error Or if that isn't available, you can get their info via:
23 error     npm owner ls angular-basic
23 error There is likely additional logging output above.
24 verbose exit [ 1, true ]
